# JRE version: Java(TM) SE Runtime Environment (8.0_131-b11) (build 1.8.0_131-b11)
# Java VM: Java HotSpot(TM) 64-Bit Server VM (25.131-b11 mixed mode windows-amd64 compressed oops)
Heap:
 PSYoungGen      total 168448K, used 79152K [0x00000000d6c00000, 0x00000000e3c00000, 0x0000000100000000)
  eden space 158208K, 45% used [0x00000000d6c00000,0x00000000db1d4910,0x00000000e0680000)
  from space 10240K, 74% used [0x00000000e0680000,0x00000000e0df7a30,0x00000000e1080000)
  to   space 10240K, 0% used [0x00000000e1080000,0x00000000e1080000,0x00000000e1a80000)
 ParOldGen       total 61440K, used 21162K [0x0000000084400000, 0x0000000088000000, 0x00000000d6c00000)
  object space 61440K, 34% used [0x0000000084400000,0x00000000858aa808,0x0000000088000000)
 Metaspace       used 39912K, capacity 40412K, committed 40832K, reserved 1085440K
  class space    used 5032K, capacity 5169K, committed 5248K, reserved 1048576K
GC Heap History (10 events):
Event: 7.469 GC heap before
{Heap before GC invocations=9 (full 1):
 PSYoungGen      total 131584K, used 127266K [0x00000000d6c00000, 0x00000000e1a80000, 0x0000000100000000)
  eden space 120832K, 100% used [0x00000000d6c00000,0x00000000de200000,0x00000000de200000)
  from space 10752K, 59% used [0x00000000de200000,0x00000000de8489c0,0x00000000dec80000)
  to   space 10240K, 0% used [0x00000000e1080000,0x00000000e1080000,0x00000000e1a80000)
 ParOldGen       total 61440K, used 12207K [0x0000000084400000, 0x0000000088000000, 0x00000000d6c00000)
  object space 61440K, 19% used [0x0000000084400000,0x0000000084febcd8,0x0000000088000000)
 Metaspace       used 28604K, capacity 28942K, committed 29184K, reserved 1075200K
  class space    used 3702K, capacity 3816K, committed 3840K, reserved 1048576K
Event: 7.486 GC heap after
Heap after GC invocations=9 (full 1):
 PSYoungGen      total 168448K, used 7369K [0x00000000d6c00000, 0x00000000e3c00000, 0x0000000100000000)
  eden space 158208K, 0% used [0x00000000d6c00000,0x00000000d6c00000,0x00000000e0680000)
  from space 10240K, 71% used [0x00000000e1080000,0x00000000e17b2758,0x00000000e1a80000)
  to   space 10240K, 0% used [0x00000000e0680000,0x00000000e0680000,0x00000000e1080000)
 ParOldGen       total 61440K, used 12215K [0x0000000084400000, 0x0000000088000000, 0x00000000d6c00000)
  object space 61440K, 19% used [0x0000000084400000,0x0000000084fedcd8,0x0000000088000000)
 Metaspace       used 28604K, capacity 28942K, committed 29184K, reserved 1075200K
  class space    used 3702K, capacity 3816K, committed 3840K, reserved 1048576K
}
Event: 9.043 GC heap before
{Heap before GC invocations=10 (full 1):
 PSYoungGen      total 168448K, used 165577K [0x00000000d6c00000, 0x00000000e3c00000, 0x0000000100000000)
  eden space 158208K, 100% used [0x00000000d6c00000,0x00000000e0680000,0x00000000e0680000)
  from space 10240K, 71% used [0x00000000e1080000,0x00000000e17b2758,0x00000000e1a80000)
  to   space 10240K, 0% used [0x00000000e0680000,0x00000000e0680000,0x00000000e1080000)
 ParOldGen       total 61440K, used 12215K [0x0000000084400000, 0x0000000088000000, 0x00000000d6c00000)
  object space 61440K, 19% used [0x0000000084400000,0x0000000084fedcd8,0x0000000088000000)
 Metaspace       used 32474K, capacity 32866K, committed 33024K, reserved 1077248K
  class space    used 4207K, capacity 4342K, committed 4352K, reserved 1048576K
Event: 9.063 GC heap after
Heap after GC invocations=10 (full 1):
 PSYoungGen      total 168448K, used 10233K [0x00000000d6c00000, 0x00000000e3c00000, 0x0000000100000000)
  eden space 158208K, 0% used [0x00000000d6c00000,0x00000000d6c00000,0x00000000e0680000)
  from space 10240K, 99% used [0x00000000e0680000,0x00000000e107e690,0x00000000e1080000)
  to   space 10240K, 0% used [0x00000000e1080000,0x00000000e1080000,0x00000000e1a80000)
 ParOldGen       total 61440K, used 14404K [0x0000000084400000, 0x0000000088000000, 0x00000000d6c00000)
  object space 61440K, 23% used [0x0000000084400000,0x0000000085211108,0x0000000088000000)
 Metaspace       used 32474K, capacity 32866K, committed 33024K, reserved 1077248K
  class space    used 4207K, capacity 4342K, committed 4352K, reserved 1048576K
}
Event: 9.907 GC heap before
{Heap before GC invocations=11 (full 1):
 PSYoungGen      total 168448K, used 99853K [0x00000000d6c00000, 0x00000000e3c00000, 0x0000000100000000)
  eden space 158208K, 56% used [0x00000000d6c00000,0x00000000dc385010,0x00000000e0680000)
  from space 10240K, 99% used [0x00000000e0680000,0x00000000e107e690,0x00000000e1080000)
  to   space 10240K, 0% used [0x00000000e1080000,0x00000000e1080000,0x00000000e1a80000)
 ParOldGen       total 61440K, used 14404K [0x0000000084400000, 0x0000000088000000, 0x00000000d6c00000)
  object space 61440K, 23% used [0x0000000084400000,0x0000000085211108,0x0000000088000000)
 Metaspace       used 34853K, capacity 35240K, committed 35416K, reserved 1081344K
  class space    used 4484K, capacity 4599K, committed 4608K, reserved 1048576K
Event: 9.925 GC heap after
Heap after GC invocations=11 (full 1):
 PSYoungGen      total 168448K, used 8462K [0x00000000d6c00000, 0x00000000e3c00000, 0x0000000100000000)
  eden space 158208K, 0% used [0x00000000d6c00000,0x00000000d6c00000,0x00000000e0680000)
  from space 10240K, 82% used [0x00000000e1080000,0x00000000e18c3a70,0x00000000e1a80000)
  to   space 10240K, 0% used [0x00000000e0680000,0x00000000e0680000,0x00000000e1080000)
 ParOldGen       total 61440K, used 17956K [0x0000000084400000, 0x0000000088000000, 0x00000000d6c00000)
  object space 61440K, 29% used [0x0000000084400000,0x0000000085589138,0x0000000088000000)
 Metaspace       used 34853K, capacity 35240K, committed 35416K, reserved 1081344K
  class space    used 4484K, capacity 4599K, committed 4608K, reserved 1048576K
}
Event: 9.925 GC heap before
{Heap before GC invocations=12 (full 2):
 PSYoungGen      total 168448K, used 8462K [0x00000000d6c00000, 0x00000000e3c00000, 0x0000000100000000)
  eden space 158208K, 0% used [0x00000000d6c00000,0x00000000d6c00000,0x00000000e0680000)
  from space 10240K, 82% used [0x00000000e1080000,0x00000000e18c3a70,0x00000000e1a80000)
  to   space 10240K, 0% used [0x00000000e0680000,0x00000000e0680000,0x00000000e1080000)
 ParOldGen       total 61440K, used 17956K [0x0000000084400000, 0x0000000088000000, 0x00000000d6c00000)
  object space 61440K, 29% used [0x0000000084400000,0x0000000085589138,0x0000000088000000)
 Metaspace       used 34853K, capacity 35240K, committed 35416K, reserved 1081344K
  class space    used 4484K, capacity 4599K, committed 4608K, reserved 1048576K
Event: 10.041 GC heap after
Heap after GC invocations=12 (full 2):
 PSYoungGen      total 168448K, used 0K [0x00000000d6c00000, 0x00000000e3c00000, 0x0000000100000000)
  eden space 158208K, 0% used [0x00000000d6c00000,0x00000000d6c00000,0x00000000e0680000)
  from space 10240K, 0% used [0x00000000e1080000,0x00000000e1080000,0x00000000e1a80000)
  to   space 10240K, 0% used [0x00000000e0680000,0x00000000e0680000,0x00000000e1080000)
 ParOldGen       total 61440K, used 21154K [0x0000000084400000, 0x0000000088000000, 0x00000000d6c00000)
  object space 61440K, 34% used [0x0000000084400000,0x00000000858a8808,0x0000000088000000)
 Metaspace       used 34853K, capacity 35240K, committed 35416K, reserved 1081344K
  class space    used 4484K, capacity 4599K, committed 4608K, reserved 1048576K
}
Event: 13.393 GC heap before
{Heap before GC invocations=13 (full 2):
 PSYoungGen      total 168448K, used 158208K [0x00000000d6c00000, 0x00000000e3c00000, 0x0000000100000000)
  eden space 158208K, 100% used [0x00000000d6c00000,0x00000000e0680000,0x00000000e0680000)
  from space 10240K, 0% used [0x00000000e1080000,0x00000000e1080000,0x00000000e1a80000)
  to   space 10240K, 0% used [0x00000000e0680000,0x00000000e0680000,0x00000000e1080000)
 ParOldGen       total 61440K, used 21154K [0x0000000084400000, 0x0000000088000000, 0x00000000d6c00000)
  object space 61440K, 34% used [0x0000000084400000,0x00000000858a8808,0x0000000088000000)
 Metaspace       used 38904K, capacity 39328K, committed 39680K, reserved 1083392K
  class space    used 4898K, capacity 5031K, committed 5120K, reserved 1048576K
Event: 13.406 GC heap after
Heap after GC invocations=13 (full 2):
 PSYoungGen      total 168448K, used 7646K [0x00000000d6c00000, 0x00000000e3c00000, 0x0000000100000000)
  eden space 158208K, 0% used [0x00000000d6c00000,0x00000000d6c00000,0x00000000e0680000)
  from space 10240K, 74% used [0x00000000e0680000,0x00000000e0df7a30,0x00000000e1080000)
  to   space 10240K, 0% used [0x00000000e1080000,0x00000000e1080000,0x00000000e1a80000)
 ParOldGen       total 61440K, used 21162K [0x0000000084400000, 0x0000000088000000, 0x00000000d6c00000)
  object space 61440K, 34% used [0x0000000084400000,0x00000000858aa808,0x0000000088000000)
 Metaspace       used 38904K, capacity 39328K, committed 39680K, reserved 1083392K
  class space    used 4898K, capacity 5031K, committed 5120K, reserved 1048576K
}

